# JRE version: OpenJDK Runtime Environment (17.0.19+10) (build 17.0.19+10-1-22.04.2-Ubuntu)
# Java VM: OpenJDK 64-Bit Server VM (17.0.19+10-1-22.04.2-Ubuntu, mixed mode, sharing, tiered, compressed oops, compressed class ptrs, g1 gc, linux-amd64)
GC Precious Log:
 CPUs: 4 total, 4 available
 Memory: 9884M
 Large Page Support: Disabled
 NUMA Support: Disabled
 Compressed Oops: Enabled (Zero based)
 Heap Region Size: 2M
 Heap Min Capacity: 8M
 Heap Initial Capacity: 156M
 Heap Max Capacity: 2472M
 Pre-touch: Disabled
 Parallel Workers: 4
 Concurrent Workers: 1
 Concurrent Refinement Workers: 4
 Periodic GC: Disabled
Heap:
 garbage-first heap   total 204800K, used 144385K [0x0000000765800000, 0x0000000800000000)
  region size 2048K, 34 young (69632K), 5 survivors (10240K)
 Metaspace       used 27202K, committed 27584K, reserved 1114112K
  class space    used 2977K, committed 3136K, reserved 1048576K
GC Heap History (20 events):
Event: 26.723 GC heap before
{Heap before GC invocations=9 (full 0):
 garbage-first heap   total 133120K, used 95150K [0x0000000765800000, 0x0000000800000000)
  region size 2048K, 24 young (49152K), 2 survivors (4096K)
 Metaspace       used 26717K, committed 27072K, reserved 1114112K
  class space    used 2949K, committed 3136K, reserved 1048576K
}
Event: 26.779 GC heap after
{Heap after GC invocations=10 (full 0):
 garbage-first heap   total 133120K, used 51088K [0x0000000765800000, 0x0000000800000000)
  region size 2048K, 2 young (4096K), 2 survivors (4096K)
 Metaspace       used 26717K, committed 27072K, reserved 1114112K
  class space    used 2949K, committed 3136K, reserved 1048576K
}
Event: 30.458 GC heap before
{Heap before GC invocations=10 (full 0):
 garbage-first heap   total 133120K, used 98192K [0x0000000765800000, 0x0000000800000000)
  region size 2048K, 25 young (51200K), 2 survivors (4096K)
 Metaspace       used 26897K, committed 27200K, reserved 1114112K
  class space    used 2955K, committed 3136K, reserved 1048576K
}
Event: 30.508 GC heap after
{Heap after GC invocations=11 (full 0):
 garbage-first heap   total 133120K, used 53971K [0x0000000765800000, 0x0000000800000000)
  region size 2048K, 4 young (8192K), 4 survivors (8192K)
 Metaspace       used 26897K, committed 27200K, reserved 1114112K
  class space    used 2955K, committed 3136K, reserved 1048576K
}
Event: 32.836 GC heap before
{Heap before GC invocations=11 (full 0):
 garbage-first heap   total 133120K, used 99027K [0x0000000765800000, 0x0000000800000000)
  region size 2048K, 26 young (53248K), 4 survivors (8192K)
 Metaspace       used 26917K, committed 27264K, reserved 1114112K
  class space    used 2955K, committed 3136K, reserved 1048576K
}
Event: 32.921 GC heap after
{Heap after GC invocations=12 (full 0):
 garbage-first heap   total 133120K, used 56969K [0x0000000765800000, 0x0000000800000000)
  region size 2048K, 3 young (6144K), 3 survivors (6144K)
 Metaspace       used 26917K, committed 27264K, reserved 1114112K
  class space    used 2955K, committed 3136K, reserved 1048576K
}
Event: 35.915 GC heap before
{Heap before GC invocations=12 (full 0):
 garbage-first heap   total 133120K, used 102025K [0x0000000765800000, 0x0000000800000000)
  region size 2048K, 25 young (51200K), 3 survivors (6144K)
 Metaspace       used 26939K, committed 27264K, reserved 1114112K
  class space    used 2955K, committed 3136K, reserved 1048576K
}
Event: 35.973 GC heap after
{Heap after GC invocations=13 (full 0):
 garbage-first heap   total 159744K, used 60582K [0x0000000765800000, 0x0000000800000000)
  region size 2048K, 4 young (8192K), 4 survivors (8192K)
 Metaspace       used 26939K, committed 27264K, reserved 1114112K
  class space    used 2955K, committed 3136K, reserved 1048576K
}
Event: 38.464 GC heap before
{Heap before GC invocations=13 (full 0):
 garbage-first heap   total 159744K, used 122022K [0x0000000765800000, 0x0000000800000000)
  region size 2048K, 34 young (69632K), 4 survivors (8192K)
 Metaspace       used 27047K, committed 27392K, reserved 1114112K
  class space    used 2972K, committed 3136K, reserved 1048576K
}
Event: 38.513 GC heap after
{Heap after GC invocations=14 (full 0):
 garbage-first heap   total 159744K, used 62523K [0x0000000765800000, 0x0000000800000000)
  region size 2048K, 3 young (6144K), 3 survivors (6144K)
 Metaspace       used 27047K, committed 27392K, reserved 1114112K
  class space    used 2972K, committed 3136K, reserved 1048576K
}
Event: 40.844 GC heap before
{Heap before GC invocations=14 (full 0):
 garbage-first heap   total 159744K, used 123963K [0x0000000765800000, 0x0000000800000000)
  region size 2048K, 33 young (67584K), 3 survivors (6144K)
 Metaspace       used 27096K, committed 27456K, reserved 1114112K
  class space    used 2974K, committed 3136K, reserved 1048576K
}
Event: 40.942 GC heap after
{Heap after GC invocations=15 (full 0):
 garbage-first heap   total 159744K, used 65478K [0x0000000765800000, 0x0000000800000000)
  region size 2048K, 3 young (6144K), 3 survivors (6144K)
 Metaspace       used 27096K, committed 27456K, reserved 1114112K
  class space    used 2974K, committed 3136K, reserved 1048576K
}
Event: 43.080 GC heap before
{Heap before GC invocations=15 (full 0):
 garbage-first heap   total 159744K, used 126918K [0x0000000765800000, 0x0000000800000000)
  region size 2048K, 32 young (65536K), 3 survivors (6144K)
 Metaspace       used 27152K, committed 27520K, reserved 1114112K
  class space    used 2977K, committed 3136K, reserved 1048576K
}
Event: 43.184 GC heap after
{Heap after GC invocations=16 (full 0):
 garbage-first heap   total 159744K, used 70496K [0x0000000765800000, 0x0000000800000000)
  region size 2048K, 3 young (6144K), 3 survivors (6144K)
 Metaspace       used 27152K, committed 27520K, reserved 1114112K
  class space    used 2977K, committed 3136K, reserved 1048576K
}
Event: 44.413 GC heap before
{Heap before GC invocations=16 (full 0):
 garbage-first heap   total 159744K, used 127840K [0x0000000765800000, 0x0000000800000000)
  region size 2048K, 31 young (63488K), 3 survivors (6144K)
 Metaspace       used 27157K, committed 27520K, reserved 1114112K
  class space    used 2977K, committed 3136K, reserved 1048576K
}
Event: 44.464 GC heap after
{Heap after GC invocations=17 (full 0):
 garbage-first heap   total 204800K, used 73855K [0x0000000765800000, 0x0000000800000000)
  region size 2048K, 4 young (8192K), 4 survivors (8192K)
 Metaspace       used 27157K, committed 27520K, reserved 1114112K
  class space    used 2977K, committed 3136K, reserved 1048576K
}
Event: 46.088 GC heap before
{Heap before GC invocations=17 (full 0):
 garbage-first heap   total 204800K, used 161919K [0x0000000765800000, 0x0000000800000000)
  region size 2048K, 47 young (96256K), 4 survivors (8192K)
 Metaspace       used 27175K, committed 27520K, reserved 1114112K
  class space    used 2977K, committed 3136K, reserved 1048576K
}
Event: 46.228 GC heap after
{Heap after GC invocations=18 (full 0):
 garbage-first heap   total 204800K, used 78162K [0x0000000765800000, 0x0000000800000000)
  region size 2048K, 6 young (12288K), 6 survivors (12288K)
 Metaspace       used 27175K, committed 27520K, reserved 1114112K
  class space    used 2977K, committed 3136K, reserved 1048576K
}
Event: 47.725 GC heap before
{Heap before GC invocations=18 (full 0):
 garbage-first heap   total 204800K, used 164178K [0x0000000765800000, 0x0000000800000000)
  region size 2048K, 48 young (98304K), 6 survivors (12288K)
 Metaspace       used 27182K, committed 27520K, reserved 1114112K
  class space    used 2977K, committed 3136K, reserved 1048576K
}
Event: 47.859 GC heap after
{Heap after GC invocations=19 (full 0):
 garbage-first heap   total 204800K, used 82945K [0x0000000765800000, 0x0000000800000000)
  region size 2048K, 5 young (10240K), 5 survivors (10240K)
 Metaspace       used 27182K, committed 27520K, reserved 1114112K
  class space    used 2977K, committed 3136K, reserved 1048576K
}

